This file contains any messages produced by compilers while
running configure, to aid debugging if configure makes a mistake.

It was created by lxkb-config configure 0.9.1, which was
generated by GNU Autoconf 2.68.  Invocation command line was

  $ ./configure --prefix=/home/alexis/temp

## --------- ##
## Platform. ##
## --------- ##

hostname = nova-forge
uname -m = i686
uname -r = 2.6.32-34-generic
uname -s = Linux
uname -v = #1 SMP Fri Oct 7 08:09:19 UTC 2011

/usr/bin/uname -p = unknown
/bin/uname -X     = unknown

/bin/arch              = unknown
/usr/bin/arch -k       = unknown
/usr/convex/getsysinfo = unknown
/usr/bin/hostinfo      = unknown
/bin/machine           = unknown
/usr/bin/oslevel       = unknown
/bin/universe          = unknown

PATH: /usr/lib/libfm
PATH: /usr/local/sbin
PATH: /usr/local/bin
PATH: /usr/sbin
PATH: /usr/bin
PATH: /sbin
PATH: /bin
PATH: /usr/games


## ----------- ##
## Core tests. ##
## ----------- ##

configure:2236: checking for a BSD-compatible install
configure:2304: result: /usr/bin/install -c
configure:2315: checking whether build environment is sane
configure:2365: result: yes
configure:2506: checking for a thread-safe mkdir -p
configure:2545: result: /bin/mkdir -p
configure:2558: checking for gawk
configure:2574: found /usr/bin/gawk
configure:2585: result: gawk
configure:2596: checking whether make sets $(MAKE)
configure:2618: result: yes
configure:2705: checking whether NLS is requested
configure:2714: result: yes
configure:2755: checking for msgfmt
configure: trying /usr/bin/msgfmt...
0 translated messages.
configure:2787: result: /usr/bin/msgfmt
configure:2796: checking for gmsgfmt
configure:2827: result: /usr/bin/msgfmt
configure:2878: checking for xgettext
configure: trying /usr/bin/xgettext...
/usr/bin/xgettext: warning: file `/dev/null' extension `' is unknown; will try C
configure:2910: result: /usr/bin/xgettext
configure:2956: checking for msgmerge
configure: trying /usr/bin/msgmerge...
configure:2987: result: /usr/bin/msgmerge
configure:3032: checking for style of include used by make
configure:3060: result: GNU
configure:3131: checking for gcc
configure:3147: found /usr/bin/gcc
configure:3158: result: gcc
configure:3387: checking for C compiler version
configure:3396: gcc --version >&5
gcc (Ubuntu 4.4.3-4ubuntu5) 4.4.3
Copyright (C) 2009 Free Software Foundation, Inc.
This is free software; see the source for copying conditions.  There is NO
warranty; not even for MERCHANTABILITY or FITNESS FOR A PARTICULAR PURPOSE.

configure:3407: $? = 0
configure:3396: gcc -v >&5
Using built-in specs.
Target: i486-linux-gnu
Configured with: ../src/configure -v --with-pkgversion='Ubuntu 4.4.3-4ubuntu5' --with-bugurl=file:///usr/share/doc/gcc-4.4/README.Bugs --enable-languages=c,c++,fortran,objc,obj-c++ --prefix=/usr --enable-shared --enable-multiarch --enable-linker-build-id --with-system-zlib --libexecdir=/usr/lib --without-included-gettext --enable-threads=posix --with-gxx-include-dir=/usr/include/c++/4.4 --program-suffix=-4.4 --enable-nls --enable-clocale=gnu --enable-libstdcxx-debug --enable-plugin --enable-objc-gc --enable-targets=all --disable-werror --with-arch-32=i486 --with-tune=generic --enable-checking=release --build=i486-linux-gnu --host=i486-linux-gnu --target=i486-linux-gnu
Thread model: posix
gcc version 4.4.3 (Ubuntu 4.4.3-4ubuntu5) 
configure:3407: $? = 0
configure:3396: gcc -V >&5
gcc: '-V' option must have argument
configure:3407: $? = 1
configure:3396: gcc -qversion >&5
gcc: unrecognized option '-qversion'
gcc: no input files
configure:3407: $? = 1
configure:3427: checking whether the C compiler works
configure:3449: gcc    conftest.c  >&5
configure:3453: $? = 0
configure:3501: result: yes
configure:3504: checking for C compiler default output file name
configure:3506: result: a.out
configure:3512: checking for suffix of executables
configure:3519: gcc -o conftest    conftest.c  >&5
configure:3523: $? = 0
configure:3545: result: 
configure:3567: checking whether we are cross compiling
configure:3575: gcc -o conftest    conftest.c  >&5
configure:3579: $? = 0
configure:3586: ./conftest
configure:3590: $? = 0
configure:3605: result: no
configure:3610: checking for suffix of object files
configure:3632: gcc -c   conftest.c >&5
configure:3636: $? = 0
configure:3657: result: o
configure:3661: checking whether we are using the GNU C compiler
configure:3680: gcc -c   conftest.c >&5
configure:3680: $? = 0
configure:3689: result: yes
configure:3698: checking whether gcc accepts -g
configure:3718: gcc -c -g  conftest.c >&5
configure:3718: $? = 0
configure:3759: result: yes
configure:3776: checking for gcc option to accept ISO C89
configure:3840: gcc  -c -g -O2  conftest.c >&5
configure:3840: $? = 0
configure:3853: result: none needed
configure:3875: checking dependency style of gcc
configure:3986: result: gcc3
configure:4005: checking build system type
configure:4019: result: i686-pc-linux-gnu
configure:4039: checking host system type
configure:4052: result: i686-pc-linux-gnu
configure:4096: checking for ld used by GCC
configure:4160: result: /usr/bin/ld
configure:4167: checking if the linker (/usr/bin/ld) is GNU ld
configure:4180: result: yes
configure:4187: checking for shared library run path origin
configure:4200: result: done
configure:4225: checking how to run the C preprocessor
configure:4256: gcc -E  conftest.c
configure:4256: $? = 0
configure:4270: gcc -E  conftest.c
conftest.c:11:28: error: ac_nonexistent.h: No such file or directory
configure:4270: $? = 1
configure: failed program was:
| /* confdefs.h */
| #define PACKAGE_NAME "lxkb-config"
| #define PACKAGE_TARNAME "lxkb-config"
| #define PACKAGE_VERSION "0.9.1"
| #define PACKAGE_STRING "lxkb-config 0.9.1"
| #define PACKAGE_BUGREPORT "azubieta@estudiantes.uci.cu"
| #define PACKAGE_URL ""
| #define PACKAGE "lxkb-config"
| #define VERSION "0.9.1"
| /* end confdefs.h.  */
| #include <ac_nonexistent.h>
configure:4295: result: gcc -E
configure:4315: gcc -E  conftest.c
configure:4315: $? = 0
configure:4329: gcc -E  conftest.c
conftest.c:11:28: error: ac_nonexistent.h: No such file or directory
configure:4329: $? = 1
configure: failed program was:
| /* confdefs.h */
| #define PACKAGE_NAME "lxkb-config"
| #define PACKAGE_TARNAME "lxkb-config"
| #define PACKAGE_VERSION "0.9.1"
| #define PACKAGE_STRING "lxkb-config 0.9.1"
| #define PACKAGE_BUGREPORT "azubieta@estudiantes.uci.cu"
| #define PACKAGE_URL ""
| #define PACKAGE "lxkb-config"
| #define VERSION "0.9.1"
| /* end confdefs.h.  */
| #include <ac_nonexistent.h>
configure:4358: checking for grep that handles long lines and -e
configure:4416: result: /bin/grep
configure:4421: checking for egrep
configure:4483: result: /bin/grep -E
configure:5041: checking for CFPreferencesCopyAppValue
configure:5059: gcc -o conftest -g -O2   conftest.c  -Wl,-framework -Wl,CoreFoundation >&5
conftest.c:11:42: error: CoreFoundation/CFPreferences.h: No such file or directory
conftest.c: In function 'main':
conftest.c:15: error: 'NULL' undeclared (first use in this function)
conftest.c:15: error: (Each undeclared identifier is reported only once
conftest.c:15: error: for each function it appears in.)
configure:5059: $? = 1
configure: failed program was:
| /* confdefs.h */
| #define PACKAGE_NAME "lxkb-config"
| #define PACKAGE_TARNAME "lxkb-config"
| #define PACKAGE_VERSION "0.9.1"
| #define PACKAGE_STRING "lxkb-config 0.9.1"
| #define PACKAGE_BUGREPORT "azubieta@estudiantes.uci.cu"
| #define PACKAGE_URL ""
| #define PACKAGE "lxkb-config"
| #define VERSION "0.9.1"
| /* end confdefs.h.  */
| #include <CoreFoundation/CFPreferences.h>
| int
| main ()
| {
| CFPreferencesCopyAppValue(NULL, NULL)
|   ;
|   return 0;
| }
configure:5068: result: no
configure:5075: checking for CFLocaleCopyCurrent
configure:5093: gcc -o conftest -g -O2   conftest.c  -Wl,-framework -Wl,CoreFoundation >&5
conftest.c:11:37: error: CoreFoundation/CFLocale.h: No such file or directory
configure:5093: $? = 1
configure: failed program was:
| /* confdefs.h */
| #define PACKAGE_NAME "lxkb-config"
| #define PACKAGE_TARNAME "lxkb-config"
| #define PACKAGE_VERSION "0.9.1"
| #define PACKAGE_STRING "lxkb-config 0.9.1"
| #define PACKAGE_BUGREPORT "azubieta@estudiantes.uci.cu"
| #define PACKAGE_URL ""
| #define PACKAGE "lxkb-config"
| #define VERSION "0.9.1"
| /* end confdefs.h.  */
| #include <CoreFoundation/CFLocale.h>
| int
| main ()
| {
| CFLocaleCopyCurrent();
|   ;
|   return 0;
| }
configure:5102: result: no
configure:5151: checking for GNU gettext in libc
configure:5171: gcc -o conftest -g -O2   conftest.c  >&5
configure:5171: $? = 0
configure:5180: result: yes
configure:5971: checking whether to use NLS
configure:5973: result: yes
configure:5976: checking where the gettext function comes from
configure:5987: result: libc
configure:6095: checking for gcc
configure:6122: result: gcc
configure:6351: checking for C compiler version
configure:6360: gcc --version >&5
gcc (Ubuntu 4.4.3-4ubuntu5) 4.4.3
Copyright (C) 2009 Free Software Foundation, Inc.
This is free software; see the source for copying conditions.  There is NO
warranty; not even for MERCHANTABILITY or FITNESS FOR A PARTICULAR PURPOSE.

configure:6371: $? = 0
configure:6360: gcc -v >&5
Using built-in specs.
Target: i486-linux-gnu
Configured with: ../src/configure -v --with-pkgversion='Ubuntu 4.4.3-4ubuntu5' --with-bugurl=file:///usr/share/doc/gcc-4.4/README.Bugs --enable-languages=c,c++,fortran,objc,obj-c++ --prefix=/usr --enable-shared --enable-multiarch --enable-linker-build-id --with-system-zlib --libexecdir=/usr/lib --without-included-gettext --enable-threads=posix --with-gxx-include-dir=/usr/include/c++/4.4 --program-suffix=-4.4 --enable-nls --enable-clocale=gnu --enable-libstdcxx-debug --enable-plugin --enable-objc-gc --enable-targets=all --disable-werror --with-arch-32=i486 --with-tune=generic --enable-checking=release --build=i486-linux-gnu --host=i486-linux-gnu --target=i486-linux-gnu
Thread model: posix
gcc version 4.4.3 (Ubuntu 4.4.3-4ubuntu5) 
configure:6371: $? = 0
configure:6360: gcc -V >&5
gcc: '-V' option must have argument
configure:6371: $? = 1
configure:6360: gcc -qversion >&5
gcc: unrecognized option '-qversion'
gcc: no input files
configure:6371: $? = 1
configure:6375: checking whether we are using the GNU C compiler
configure:6403: result: yes
configure:6412: checking whether gcc accepts -g
configure:6473: result: yes
configure:6490: checking for gcc option to accept ISO C89
configure:6567: result: none needed
configure:6589: checking dependency style of gcc
configure:6700: result: gcc3
configure:6720: checking for X
configure:6828: gcc -E  conftest.c
configure:6828: $? = 0
configure:6859: gcc -o conftest -g -O2   conftest.c -lX11  >&5
configure:6859: $? = 0
configure:6909: result: libraries , headers 
configure:6913: checking for ANSI C header files
configure:6933: gcc -c -g -O2  conftest.c >&5
configure:6933: $? = 0
configure:7006: gcc -o conftest -g -O2   conftest.c  >&5
configure:7006: $? = 0
configure:7006: ./conftest
configure:7006: $? = 0
configure:7017: result: yes
configure:7030: checking for sys/types.h
configure:7030: gcc -c -g -O2  conftest.c >&5
configure:7030: $? = 0
configure:7030: result: yes
configure:7030: checking for sys/stat.h
configure:7030: gcc -c -g -O2  conftest.c >&5
configure:7030: $? = 0
configure:7030: result: yes
configure:7030: checking for stdlib.h
configure:7030: gcc -c -g -O2  conftest.c >&5
configure:7030: $? = 0
configure:7030: result: yes
configure:7030: checking for string.h
configure:7030: gcc -c -g -O2  conftest.c >&5
configure:7030: $? = 0
configure:7030: result: yes
configure:7030: checking for memory.h
configure:7030: gcc -c -g -O2  conftest.c >&5
configure:7030: $? = 0
configure:7030: result: yes
configure:7030: checking for strings.h
configure:7030: gcc -c -g -O2  conftest.c >&5
configure:7030: $? = 0
configure:7030: result: yes
configure:7030: checking for inttypes.h
configure:7030: gcc -c -g -O2  conftest.c >&5
configure:7030: $? = 0
configure:7030: result: yes
configure:7030: checking for stdint.h
configure:7030: gcc -c -g -O2  conftest.c >&5
configure:7030: $? = 0
configure:7030: result: yes
configure:7030: checking for unistd.h
configure:7030: gcc -c -g -O2  conftest.c >&5
configure:7030: $? = 0
configure:7030: result: yes
configure:7045: checking libintl.h usability
configure:7045: gcc -c -g -O2  conftest.c >&5
configure:7045: $? = 0
configure:7045: result: yes
configure:7045: checking libintl.h presence
configure:7045: gcc -E  conftest.c
configure:7045: $? = 0
configure:7045: result: yes
configure:7045: checking for libintl.h
configure:7045: result: yes
configure:7045: checking limits.h usability
configure:7045: gcc -c -g -O2  conftest.c >&5
configure:7045: $? = 0
configure:7045: result: yes
configure:7045: checking limits.h presence
configure:7045: gcc -E  conftest.c
configure:7045: $? = 0
configure:7045: result: yes
configure:7045: checking for limits.h
configure:7045: result: yes
configure:7045: checking locale.h usability
configure:7045: gcc -c -g -O2  conftest.c >&5
configure:7045: $? = 0
configure:7045: result: yes
configure:7045: checking locale.h presence
configure:7045: gcc -E  conftest.c
configure:7045: $? = 0
configure:7045: result: yes
configure:7045: checking for locale.h
configure:7045: result: yes
configure:7045: checking for stdlib.h
configure:7045: result: yes
configure:7045: checking for string.h
configure:7045: result: yes
configure:7045: checking for unistd.h
configure:7045: result: yes
configure:7115: checking for pkg-config
configure:7133: found /usr/bin/pkg-config
configure:7145: result: /usr/bin/pkg-config
configure:7170: checking pkg-config is at least version 0.9.0
configure:7173: result: yes
configure:7183: checking for LXKB_CONFIG
configure:7190: $PKG_CONFIG --exists --print-errors "$pkg_modules"
configure:7193: $? = 0
configure:7207: $PKG_CONFIG --exists --print-errors "$pkg_modules"
configure:7210: $? = 0
configure:7268: result: yes
configure:7282: checking for stdlib.h
configure:7282: result: yes
configure:7292: checking for GNU libc compatible malloc
configure:7316: gcc -o conftest -g -O2   conftest.c  >&5
configure:7316: $? = 0
configure:7316: ./conftest
configure:7316: $? = 0
configure:7326: result: yes
configure:7350: checking for memset
configure:7350: gcc -o conftest -g -O2   conftest.c  >&5
conftest.c:55: warning: conflicting types for built-in function 'memset'
configure:7350: $? = 0
configure:7350: result: yes
configure:7350: checking for setlocale
configure:7350: gcc -o conftest -g -O2   conftest.c  >&5
configure:7350: $? = 0
configure:7350: result: yes
configure:7350: checking for strdup
configure:7350: gcc -o conftest -g -O2   conftest.c  >&5
conftest.c:57: warning: conflicting types for built-in function 'strdup'
configure:7350: $? = 0
configure:7350: result: yes
configure:7496: creating ./config.status

## ---------------------- ##
## Running config.status. ##
## ---------------------- ##

This file was extended by lxkb-config config.status 0.9.1, which was
generated by GNU Autoconf 2.68.  Invocation command line was

  CONFIG_FILES    = 
  CONFIG_HEADERS  = 
  CONFIG_LINKS    = 
  CONFIG_COMMANDS = 
  $ ./config.status 

on nova-forge

config.status:919: creating Makefile
config.status:919: creating po/Makefile.in
config.status:919: creating src/Makefile
config.status:919: creating data/keyboard.desktop
config.status:919: creating config.h
config.status:1148: executing po-directories commands
config.status:1148: executing depfiles commands

## ---------------- ##
## Cache variables. ##
## ---------------- ##

ac_cv_build=i686-pc-linux-gnu
ac_cv_c_compiler_gnu=yes
ac_cv_env_CC_set=
ac_cv_env_CC_value=
ac_cv_env_CFLAGS_set=
ac_cv_env_CFLAGS_value=
ac_cv_env_CPPFLAGS_set=
ac_cv_env_CPPFLAGS_value=
ac_cv_env_CPP_set=
ac_cv_env_CPP_value=
ac_cv_env_LDFLAGS_set=
ac_cv_env_LDFLAGS_value=
ac_cv_env_LIBS_set=
ac_cv_env_LIBS_value=
ac_cv_env_LXKB_CONFIG_CFLAGS_set=
ac_cv_env_LXKB_CONFIG_CFLAGS_value=
ac_cv_env_LXKB_CONFIG_LIBS_set=
ac_cv_env_LXKB_CONFIG_LIBS_value=
ac_cv_env_PKG_CONFIG_LIBDIR_set=
ac_cv_env_PKG_CONFIG_LIBDIR_value=
ac_cv_env_PKG_CONFIG_PATH_set=
ac_cv_env_PKG_CONFIG_PATH_value=
ac_cv_env_PKG_CONFIG_set=
ac_cv_env_PKG_CONFIG_value=
ac_cv_env_XMKMF_set=
ac_cv_env_XMKMF_value=
ac_cv_env_build_alias_set=
ac_cv_env_build_alias_value=
ac_cv_env_host_alias_set=
ac_cv_env_host_alias_value=
ac_cv_env_target_alias_set=
ac_cv_env_target_alias_value=
ac_cv_func_malloc_0_nonnull=yes
ac_cv_func_memset=yes
ac_cv_func_setlocale=yes
ac_cv_func_strdup=yes
ac_cv_have_x='have_x=yes	ac_x_includes='\'''\''	ac_x_libraries='\'''\'''
ac_cv_header_inttypes_h=yes
ac_cv_header_libintl_h=yes
ac_cv_header_limits_h=yes
ac_cv_header_locale_h=yes
ac_cv_header_memory_h=yes
ac_cv_header_stdc=yes
ac_cv_header_stdint_h=yes
ac_cv_header_stdlib_h=yes
ac_cv_header_string_h=yes
ac_cv_header_strings_h=yes
ac_cv_header_sys_stat_h=yes
ac_cv_header_sys_types_h=yes
ac_cv_header_unistd_h=yes
ac_cv_host=i686-pc-linux-gnu
ac_cv_objext=o
ac_cv_path_EGREP='/bin/grep -E'
ac_cv_path_GMSGFMT=/usr/bin/msgfmt
ac_cv_path_GREP=/bin/grep
ac_cv_path_MSGFMT=/usr/bin/msgfmt
ac_cv_path_MSGMERGE=/usr/bin/msgmerge
ac_cv_path_XGETTEXT=/usr/bin/xgettext
ac_cv_path_ac_pt_PKG_CONFIG=/usr/bin/pkg-config
ac_cv_path_install='/usr/bin/install -c'
ac_cv_path_mkdir=/bin/mkdir
ac_cv_prog_AWK=gawk
ac_cv_prog_CPP='gcc -E'
ac_cv_prog_ac_ct_CC=gcc
ac_cv_prog_cc_c89=
ac_cv_prog_cc_g=yes
ac_cv_prog_make_make_set=yes
acl_cv_hardcode_direct=no
acl_cv_hardcode_libdir_flag_spec='${wl}-rpath ${wl}$libdir'
acl_cv_hardcode_libdir_separator=
acl_cv_hardcode_minus_L=no
acl_cv_libext=a
acl_cv_libname_spec='lib$name'
acl_cv_library_names_spec='$libname$shrext'
acl_cv_path_LD=/usr/bin/ld
acl_cv_prog_gnu_ld=yes
acl_cv_rpath=done
acl_cv_shlibext=so
acl_cv_wl=-Wl,
am_cv_CC_dependencies_compiler_type=gcc3
gt_cv_func_CFLocaleCopyCurrent=no
gt_cv_func_CFPreferencesCopyAppValue=no
gt_cv_func_gnugettext1_libc=yes
pkg_cv_LXKB_CONFIG_CFLAGS='-pthread -I/usr/include/gtk-2.0 -I/usr/lib/gtk-2.0/include -I/usr/include/atk-1.0 -I/usr/include/cairo -I/usr/include/gdk-pixbuf-2.0 -I/usr/include/pango-1.0 -I/usr/include/gio-unix-2.0/ -I/usr/include/glib-2.0 -I/usr/lib/glib-2.0/include -I/usr/include/pixman-1 -I/usr/include/freetype2 -I/usr/include/libpng12 -I/usr/include/libxml2  '
pkg_cv_LXKB_CONFIG_LIBS='-pthread -lgtk-x11-2.0 -lgdk-x11-2.0 -latk-1.0 -lgio-2.0 -lpangoft2-1.0 -lpangocairo-1.0 -lgdk_pixbuf-2.0 -lm -lcairo -lpng12 -lpango-1.0 -lfreetype -lfontconfig -lgobject-2.0 -lgmodule-2.0 -lgthread-2.0 -lrt -lglib-2.0 -lxml2  '

## ----------------- ##
## Output variables. ##
## ----------------- ##

ACLOCAL='${SHELL} /home/alexis/workspace/lxkb-config/missing --run aclocal-1.11'
AMDEPBACKSLASH='\'
AMDEP_FALSE='#'
AMDEP_TRUE=''
AMTAR='$${TAR-tar}'
AUTOCONF='${SHELL} /home/alexis/workspace/lxkb-config/missing --run autoconf'
AUTOHEADER='${SHELL} /home/alexis/workspace/lxkb-config/missing --run autoheader'
AUTOMAKE='${SHELL} /home/alexis/workspace/lxkb-config/missing --run automake-1.11'
AWK='gawk'
CC='gcc'
CCDEPMODE='depmode=gcc3'
CFLAGS='-g -O2'
CPP='gcc -E'
CPPFLAGS=''
CYGPATH_W='echo'
DEFS='-DHAVE_CONFIG_H'
DEPDIR='.deps'
ECHO_C=''
ECHO_N='-n'
ECHO_T=''
EGREP='/bin/grep -E'
EXEEXT=''
GETTEXT_MACRO_VERSION='0.18'
GMSGFMT='/usr/bin/msgfmt'
GMSGFMT_015='/usr/bin/msgfmt'
GREP='/bin/grep'
INSTALL_DATA='${INSTALL} -m 644'
INSTALL_PROGRAM='${INSTALL}'
INSTALL_SCRIPT='${INSTALL}'
INSTALL_STRIP_PROGRAM='$(install_sh) -c -s'
INTLLIBS=''
INTL_MACOSX_LIBS=''
LDFLAGS=''
LIBICONV='-liconv'
LIBINTL=''
LIBOBJS=''
LIBS=''
LTLIBICONV='-liconv'
LTLIBINTL=''
LTLIBOBJS=''
LXKB_CONFIG_CFLAGS='-pthread -I/usr/include/gtk-2.0 -I/usr/lib/gtk-2.0/include -I/usr/include/atk-1.0 -I/usr/include/cairo -I/usr/include/gdk-pixbuf-2.0 -I/usr/include/pango-1.0 -I/usr/include/gio-unix-2.0/ -I/usr/include/glib-2.0 -I/usr/lib/glib-2.0/include -I/usr/include/pixman-1 -I/usr/include/freetype2 -I/usr/include/libpng12 -I/usr/include/libxml2  '
LXKB_CONFIG_LIBS='-pthread -lgtk-x11-2.0 -lgdk-x11-2.0 -latk-1.0 -lgio-2.0 -lpangoft2-1.0 -lpangocairo-1.0 -lgdk_pixbuf-2.0 -lm -lcairo -lpng12 -lpango-1.0 -lfreetype -lfontconfig -lgobject-2.0 -lgmodule-2.0 -lgthread-2.0 -lrt -lglib-2.0 -lxml2  '
MAKEINFO='${SHELL} /home/alexis/workspace/lxkb-config/missing --run makeinfo'
MKDIR_P='/bin/mkdir -p'
MSGFMT='/usr/bin/msgfmt'
MSGFMT_015='/usr/bin/msgfmt'
MSGMERGE='/usr/bin/msgmerge'
OBJEXT='o'
PACKAGE='lxkb-config'
PACKAGE_BUGREPORT='azubieta@estudiantes.uci.cu'
PACKAGE_NAME='lxkb-config'
PACKAGE_STRING='lxkb-config 0.9.1'
PACKAGE_TARNAME='lxkb-config'
PACKAGE_URL=''
PACKAGE_VERSION='0.9.1'
PATH_SEPARATOR=':'
PKG_CONFIG='/usr/bin/pkg-config'
PKG_CONFIG_LIBDIR=''
PKG_CONFIG_PATH=''
POSUB='po'
SET_MAKE=''
SHELL='/bin/bash'
STRIP=''
USE_NLS='yes'
VERSION='0.9.1'
XGETTEXT='/usr/bin/xgettext'
XGETTEXT_015='/usr/bin/xgettext'
XGETTEXT_EXTRA_OPTIONS=''
XMKMF=''
ac_ct_CC='gcc'
am__EXEEXT_FALSE=''
am__EXEEXT_TRUE='#'
am__fastdepCC_FALSE='#'
am__fastdepCC_TRUE=''
am__include='include'
am__isrc=''
am__leading_dot='.'
am__nodep='_no'
am__quote=''
am__tar='$${TAR-tar} chof - "$$tardir"'
am__untar='$${TAR-tar} xf -'
bindir='${exec_prefix}/bin'
build='i686-pc-linux-gnu'
build_alias=''
build_cpu='i686'
build_os='linux-gnu'
build_vendor='pc'
datadir='${datarootdir}'
datarootdir='${prefix}/share'
docdir='${datarootdir}/doc/${PACKAGE_TARNAME}'
dvidir='${docdir}'
exec_prefix='${prefix}'
host='i686-pc-linux-gnu'
host_alias=''
host_cpu='i686'
host_os='linux-gnu'
host_vendor='pc'
htmldir='${docdir}'
includedir='${prefix}/include'
infodir='${datarootdir}/info'
install_sh='${SHELL} /home/alexis/workspace/lxkb-config/install-sh'
libdir='${exec_prefix}/lib'
libexecdir='${exec_prefix}/libexec'
localedir='${datarootdir}/locale'
localstatedir='${prefix}/var'
mandir='${datarootdir}/man'
mkdir_p='/bin/mkdir -p'
oldincludedir='/usr/include'
pdfdir='${docdir}'
prefix='/home/alexis/temp'
program_transform_name='s,x,x,'
psdir='${docdir}'
sbindir='${exec_prefix}/sbin'
sharedstatedir='${prefix}/com'
sysconfdir='${prefix}/etc'
target_alias=''

## ----------- ##
## confdefs.h. ##
## ----------- ##

/* confdefs.h */
#define PACKAGE_NAME "lxkb-config"
#define PACKAGE_TARNAME "lxkb-config"
#define PACKAGE_VERSION "0.9.1"
#define PACKAGE_STRING "lxkb-config 0.9.1"
#define PACKAGE_BUGREPORT "azubieta@estudiantes.uci.cu"
#define PACKAGE_URL ""
#define PACKAGE "lxkb-config"
#define VERSION "0.9.1"
#define ENABLE_NLS 1
#define HAVE_GETTEXT 1
#define HAVE_DCGETTEXT 1
#define STDC_HEADERS 1
#define HAVE_SYS_TYPES_H 1
#define HAVE_SYS_STAT_H 1
#define HAVE_STDLIB_H 1
#define HAVE_STRING_H 1
#define HAVE_MEMORY_H 1
#define HAVE_STRINGS_H 1
#define HAVE_INTTYPES_H 1
#define HAVE_STDINT_H 1
#define HAVE_UNISTD_H 1
#define HAVE_LIBINTL_H 1
#define HAVE_LIMITS_H 1
#define HAVE_LOCALE_H 1
#define HAVE_STDLIB_H 1
#define HAVE_STRING_H 1
#define HAVE_UNISTD_H 1
#define HAVE_STDLIB_H 1
#define HAVE_MALLOC 1
#define HAVE_MEMSET 1
#define HAVE_SETLOCALE 1
#define HAVE_STRDUP 1

configure: exit 0
